

Microchip MPLAB XC8 Assembler V2.41 build 20230208172133 
                                                                                               Mon Jan 27 18:45:31 2025

Microchip MPLAB XC8 C Compiler v2.41 (Free license) build 20230208172133 Og1 
     1                           	processor	16F877A
     2                           	pagewidth 120
     3                           	opt	flic
     4                           	psect	idataCOMMON,global,class=CODE,delta=2,noexec
     5                           	psect	cinit,global,class=CODE,merge=1,delta=2
     6                           	psect	dataCOMMON,global,class=COMMON,space=1,delta=1,noexec
     7                           	psect	cstackCOMMON,global,class=COMMON,space=1,delta=1,noexec
     8                           	psect	maintext,global,class=CODE,split=1,delta=2
     9                           	psect	text1,local,class=CODE,merge=1,delta=2
    10                           	psect	text2,local,class=CODE,merge=1,delta=2
    11                           	psect	text3,local,class=CODE,merge=1,delta=2
    12                           	psect	text4,local,class=CODE,merge=1,delta=2
    13                           	psect	idloc,global,abs,ovrld,class=IDLOC,space=5,delta=2,noexec
    14                           	psect	config,global,abs,ovrld,class=CONFIG,space=4,delta=2,noexec
    15                           	dabs	1,0x7E,2
    16     0000                     
    17                           ; Generated 09/02/2023 GMT
    18                           ; 
    19                           ; Copyright © 2023, Microchip Technology Inc. and its subsidiaries ("Microchip")
    20                           ; All rights reserved.
    21                           ; 
    22                           ; This software is developed by Microchip Technology Inc. and its subsidiaries ("Microch
      +                          ip").
    23                           ; 
    24                           ; Redistribution and use in source and binary forms, with or without modification, are
    25                           ; permitted provided that the following conditions are met:
    26                           ; 
    27                           ;     1. Redistributions of source code must retain the above copyright notice, this lis
      +                          t of
    28                           ;        conditions and the following disclaimer.
    29                           ; 
    30                           ;     2. Redistributions in binary form must reproduce the above copyright notice, this 
      +                          list
    31                           ;        of conditions and the following disclaimer in the documentation and/or other
    32                           ;        materials provided with the distribution. Publication is not required when
    33                           ;        this file is used in an embedded application.
    34                           ; 
    35                           ;     3. Microchip's name may not be used to endorse or promote products derived from th
      +                          is
    36                           ;        software without specific prior written permission.
    37                           ; 
    38                           ; THIS SOFTWARE IS PROVIDED BY MICROCHIP "AS IS" AND ANY EXPRESS OR IMPLIED WARRANTIES,
    39                           ; INCLUDING, BUT NOT LIMITED TO, THE IMPLIED WARRANTIES OF MERCHANTABILITY AND FITNESS F
      +                          OR
    40                           ; PURPOSE ARE DISCLAIMED.  IN NO EVENT SHALL MICROCHIP BE LIABLE FOR ANY DIRECT, INDIREC
      +                          T,
    41                           ; INCIDENTAL, SPECIAL, EXEMPLARY, OR CONSEQUENTIAL DAMAGES (INCLUDING BUT NOT LIMITED TO
    42                           ; PROCUREMENT OF SUBSTITUTE GOODS OR SERVICES; LOSS OF USE, DATA OR PROFITS; OR BUSINESS
    43                           ; INTERRUPTION) HOWSOEVER CAUSED AND ON ANY THEORY OF LIABILITY, WHETHER IN CONTRACT, ST
      +                          RICT
    44                           ; LIABILITY, OR TORT (INCLUDING NEGLIGENCE OR OTHERWISE) ARISING IN ANY WAY OUT OF THE U
      +                          SE OF
    45                           ; THIS SOFTWARE, EVEN IF ADVISED OF THE POSSIBILITY OF SUCH DAMAGE.
    46                           ; 
    47                           ; 
    48                           ; Code-generator required, PIC16F877A Definitions
    49                           ; 
    50                           ; SFR Addresses
    51     0000                     	;# 
    52     0001                     	;# 
    53     0002                     	;# 
    54     0003                     	;# 
    55     0004                     	;# 
    56     0005                     	;# 
    57     0006                     	;# 
    58     0007                     	;# 
    59     0008                     	;# 
    60     0009                     	;# 
    61     000A                     	;# 
    62     000B                     	;# 
    63     000C                     	;# 
    64     000D                     	;# 
    65     000E                     	;# 
    66     000E                     	;# 
    67     000F                     	;# 
    68     0010                     	;# 
    69     0011                     	;# 
    70     0012                     	;# 
    71     0013                     	;# 
    72     0014                     	;# 
    73     0015                     	;# 
    74     0015                     	;# 
    75     0016                     	;# 
    76     0017                     	;# 
    77     0018                     	;# 
    78     0019                     	;# 
    79     001A                     	;# 
    80     001B                     	;# 
    81     001B                     	;# 
    82     001C                     	;# 
    83     001D                     	;# 
    84     001E                     	;# 
    85     001F                     	;# 
    86     0081                     	;# 
    87     0085                     	;# 
    88     0086                     	;# 
    89     0087                     	;# 
    90     0088                     	;# 
    91     0089                     	;# 
    92     008C                     	;# 
    93     008D                     	;# 
    94     008E                     	;# 
    95     0091                     	;# 
    96     0092                     	;# 
    97     0093                     	;# 
    98     0094                     	;# 
    99     0098                     	;# 
   100     0099                     	;# 
   101     009C                     	;# 
   102     009D                     	;# 
   103     009E                     	;# 
   104     009F                     	;# 
   105     010C                     	;# 
   106     010D                     	;# 
   107     010E                     	;# 
   108     010F                     	;# 
   109     018C                     	;# 
   110     018D                     	;# 
   111     0000                     	;# 
   112     0001                     	;# 
   113     0002                     	;# 
   114     0003                     	;# 
   115     0004                     	;# 
   116     0005                     	;# 
   117     0006                     	;# 
   118     0007                     	;# 
   119     0008                     	;# 
   120     0009                     	;# 
   121     000A                     	;# 
   122     000B                     	;# 
   123     000C                     	;# 
   124     000D                     	;# 
   125     000E                     	;# 
   126     000E                     	;# 
   127     000F                     	;# 
   128     0010                     	;# 
   129     0011                     	;# 
   130     0012                     	;# 
   131     0013                     	;# 
   132     0014                     	;# 
   133     0015                     	;# 
   134     0015                     	;# 
   135     0016                     	;# 
   136     0017                     	;# 
   137     0018                     	;# 
   138     0019                     	;# 
   139     001A                     	;# 
   140     001B                     	;# 
   141     001B                     	;# 
   142     001C                     	;# 
   143     001D                     	;# 
   144     001E                     	;# 
   145     001F                     	;# 
   146     0081                     	;# 
   147     0085                     	;# 
   148     0086                     	;# 
   149     0087                     	;# 
   150     0088                     	;# 
   151     0089                     	;# 
   152     008C                     	;# 
   153     008D                     	;# 
   154     008E                     	;# 
   155     0091                     	;# 
   156     0092                     	;# 
   157     0093                     	;# 
   158     0094                     	;# 
   159     0098                     	;# 
   160     0099                     	;# 
   161     009C                     	;# 
   162     009D                     	;# 
   163     009E                     	;# 
   164     009F                     	;# 
   165     010C                     	;# 
   166     010D                     	;# 
   167     010E                     	;# 
   168     010F                     	;# 
   169     018C                     	;# 
   170     018D                     	;# 
   171     0000                     	;# 
   172     0001                     	;# 
   173     0002                     	;# 
   174     0003                     	;# 
   175     0004                     	;# 
   176     0005                     	;# 
   177     0006                     	;# 
   178     0007                     	;# 
   179     0008                     	;# 
   180     0009                     	;# 
   181     000A                     	;# 
   182     000B                     	;# 
   183     000C                     	;# 
   184     000D                     	;# 
   185     000E                     	;# 
   186     000E                     	;# 
   187     000F                     	;# 
   188     0010                     	;# 
   189     0011                     	;# 
   190     0012                     	;# 
   191     0013                     	;# 
   192     0014                     	;# 
   193     0015                     	;# 
   194     0015                     	;# 
   195     0016                     	;# 
   196     0017                     	;# 
   197     0018                     	;# 
   198     0019                     	;# 
   199     001A                     	;# 
   200     001B                     	;# 
   201     001B                     	;# 
   202     001C                     	;# 
   203     001D                     	;# 
   204     001E                     	;# 
   205     001F                     	;# 
   206     0081                     	;# 
   207     0085                     	;# 
   208     0086                     	;# 
   209     0087                     	;# 
   210     0088                     	;# 
   211     0089                     	;# 
   212     008C                     	;# 
   213     008D                     	;# 
   214     008E                     	;# 
   215     0091                     	;# 
   216     0092                     	;# 
   217     0093                     	;# 
   218     0094                     	;# 
   219     0098                     	;# 
   220     0099                     	;# 
   221     009C                     	;# 
   222     009D                     	;# 
   223     009E                     	;# 
   224     009F                     	;# 
   225     010C                     	;# 
   226     010D                     	;# 
   227     010E                     	;# 
   228     010F                     	;# 
   229     018C                     	;# 
   230     018D                     	;# 
   231                           
   232                           	psect	idataCOMMON
   233     06F4                     __pidataCOMMON:
   234                           
   235                           ;initializer for read_matrix_keypad@once
   236     06F4  3401               	retlw	1
   237     0032                     _RB2	set	50
   238     0031                     _RB1	set	49
   239     0030                     _RB0	set	48
   240     0040                     _RD0	set	64
   241     0041                     _RD1	set	65
   242     0042                     _RD2	set	66
   243     0043                     _RD3	set	67
   244     0034                     _RB4	set	52
   245     0088                     _TRISD	set	136
   246     0086                     _TRISB	set	134
   247     040F                     _nRBPU	set	1039
   248     0434                     _TRISB4	set	1076
   249                           
   250                           	psect	cinit
   251     07F6                     start_initialization:	
   252                           ; #config settings
   253                           
   254     07F6                     __initialization:
   255                           
   256                           ; Initialize objects allocated to COMMON
   257     07F6  120A  118A  26F4  120A  118A  	fcall	__pidataCOMMON	;fetch initializer
   258     07FB  00F5               	movwf	__pdataCOMMON& (0+127)
   259     07FC                     end_of_initialization:	
   260                           ;End of C runtime variable initialization code
   261                           
   262     07FC                     __end_of__initialization:
   263     07FC  0183               	clrf	3
   264     07FD  120A  118A  2F0E   	ljmp	_main	;jump to C main() function
   265                           
   266                           	psect	dataCOMMON
   267     0075                     __pdataCOMMON:
   268     0075                     read_matrix_keypad@once:
   269     0075                     	ds	1
   270                           
   271                           	psect	cstackCOMMON
   272     0070                     __pcstackCOMMON:
   273     0070                     ?_init_matrix_keypad:
   274     0070                     ??_init_matrix_keypad:	
   275                           ; 1 bytes @ 0x0
   276                           
   277     0070                     ?_read_matrix_keypad:	
   278                           ; 1 bytes @ 0x0
   279                           
   280     0070                     ?_init_config:	
   281                           ; 1 bytes @ 0x0
   282                           
   283     0070                     ??_init_config:	
   284                           ; 1 bytes @ 0x0
   285                           
   286     0070                     ?_main:	
   287                           ; 1 bytes @ 0x0
   288                           
   289     0070                     ?_scan_keypad:	
   290                           ; 1 bytes @ 0x0
   291                           
   292     0070                     ??_scan_keypad:	
   293                           ; 1 bytes @ 0x0
   294                           
   295     0070                     scan_keypad@i:	
   296                           ; 1 bytes @ 0x0
   297                           
   298                           
   299                           ; 2 bytes @ 0x0
   300     0070                     	ds	2
   301     0072                     ??_read_matrix_keypad:
   302     0072                     read_matrix_keypad@mode:	
   303                           ; 1 bytes @ 0x2
   304                           
   305                           
   306                           ; 1 bytes @ 0x2
   307     0072                     	ds	1
   308     0073                     read_matrix_keypad@key:
   309                           
   310                           ; 1 bytes @ 0x3
   311     0073                     	ds	1
   312     0074                     ??_main:
   313     0074                     main@key:	
   314                           ; 1 bytes @ 0x4
   315                           
   316                           
   317                           ; 1 bytes @ 0x4
   318     0074                     	ds	1
   319                           
   320                           	psect	maintext
   321     070E                     __pmaintext:	
   322 ;;
   323 ;;Main: autosize = 0, tempsize = 0, incstack = 0, save=0
   324 ;;
   325 ;; *************** function _main *****************
   326 ;; Defined at:
   327 ;;		line 24 in file "main.c"
   328 ;; Parameters:    Size  Location     Type
   329 ;;		None
   330 ;; Auto vars:     Size  Location     Type
   331 ;;  key             1    4[COMMON] unsigned char 
   332 ;; Return value:  Size  Location     Type
   333 ;;                  1    wreg      void 
   334 ;; Registers used:
   335 ;;		wreg, status,2, status,0, pclath, cstack
   336 ;; Tracked objects:
   337 ;;		On entry : B00/0
   338 ;;		On exit  : 0/0
   339 ;;		Unchanged: 0/0
   340 ;; Data sizes:     COMMON   BANK0   BANK1   BANK3   BANK2
   341 ;;      Params:         0       0       0       0       0
   342 ;;      Locals:         1       0       0       0       0
   343 ;;      Temps:          0       0       0       0       0
   344 ;;      Totals:         1       0       0       0       0
   345 ;;Total ram usage:        1 bytes
   346 ;; Hardware stack levels required when called: 2
   347 ;; This function calls:
   348 ;;		_init_config
   349 ;;		_read_matrix_keypad
   350 ;; This function is called by:
   351 ;;		Startup code after reset
   352 ;; This function uses a non-reentrant model
   353 ;;
   354                           
   355     070E                     _main:	
   356                           ;psect for function _main
   357                           
   358     070E                     l812:	
   359                           ;incstack = 0
   360                           ; Regs used in _main: [wreg+status,2+status,0+pclath+cstack]
   361                           
   362                           
   363                           ;main.c: 25:     };main.c: 27: }
   364     070E  120A  118A  26F5  120A  118A  	fcall	_init_config
   365     0713                     l16:
   366     0713  3001               	movlw	1
   367     0714  120A  118A  2727  120A  118A  	fcall	_read_matrix_keypad
   368     0719  00F4               	movwf	main@key
   369     071A                     l814:
   370     071A  0374               	decf	main@key,w
   371     071B  1D03               	btfss	3,2
   372     071C  2F1E               	goto	u211
   373     071D  2F1F               	goto	u210
   374     071E                     u211:
   375     071E  2F13               	goto	l16
   376     071F                     u210:
   377     071F                     l816:
   378     071F  3010               	movlw	16
   379     0720  1283               	bcf	3,5	;RP0=0, select bank0
   380     0721  1303               	bcf	3,6	;RP1=0, select bank0
   381     0722  0686               	xorwf	6,f
   382     0723  2F13               	goto	l16
   383     0724  120A  118A  2800   	ljmp	start
   384     0727                     __end_of_main:
   385                           
   386                           	psect	text1
   387     0727                     __ptext1:	
   388 ;; *************** function _read_matrix_keypad *****************
   389 ;; Defined at:
   390 ;;		line 111 in file "matrix_keypad.c"
   391 ;; Parameters:    Size  Location     Type
   392 ;;  mode            1    wreg     unsigned char 
   393 ;; Auto vars:     Size  Location     Type
   394 ;;  mode            1    2[COMMON] unsigned char 
   395 ;;  key             1    3[COMMON] unsigned char 
   396 ;; Return value:  Size  Location     Type
   397 ;;                  1    wreg      unsigned char 
   398 ;; Registers used:
   399 ;;		wreg, status,2, status,0, pclath, cstack
   400 ;; Tracked objects:
   401 ;;		On entry : 0/0
   402 ;;		On exit  : 0/0
   403 ;;		Unchanged: 0/0
   404 ;; Data sizes:     COMMON   BANK0   BANK1   BANK3   BANK2
   405 ;;      Params:         0       0       0       0       0
   406 ;;      Locals:         2       0       0       0       0
   407 ;;      Temps:          0       0       0       0       0
   408 ;;      Totals:         2       0       0       0       0
   409 ;;Total ram usage:        2 bytes
   410 ;; Hardware stack levels used: 1
   411 ;; Hardware stack levels required when called: 1
   412 ;; This function calls:
   413 ;;		_scan_keypad
   414 ;; This function is called by:
   415 ;;		_main
   416 ;; This function uses a non-reentrant model
   417 ;;
   418                           
   419     0727                     _read_matrix_keypad:	
   420                           ;psect for function _read_matrix_keypad
   421                           
   422                           
   423                           ;incstack = 0
   424                           ; Regs used in _read_matrix_keypad: [wreg+status,2+status,0+pclath+cstack]
   425                           ;read_matrix_keypad@mode stored from wreg
   426     0727  00F2               	movwf	read_matrix_keypad@mode
   427     0728                     l782:
   428                           
   429                           ;matrix_keypad.c: 111: unsigned char read_matrix_keypad(unsigned char mode);matrix_keypa
      +                          d.c: 112: {;matrix_keypad.c: 113:     static unsigned char once = 1;;matrix_keypad.c: 11
      +                          4:     unsigned char key;;matrix_keypad.c: 116:     key = scan_keypad();
   430     0728  120A  118A  274A  120A  118A  	fcall	_scan_keypad
   431     072D  00F3               	movwf	read_matrix_keypad@key
   432     072E                     l784:
   433                           
   434                           ;matrix_keypad.c: 118:     if (mode == 0)
   435     072E  0872               	movf	read_matrix_keypad@mode,w
   436     072F  1D03               	btfss	3,2
   437     0730  2F32               	goto	u171
   438     0731  2F33               	goto	u170
   439     0732                     u171:
   440     0732  2F35               	goto	l792
   441     0733                     u170:
   442     0733                     l786:
   443                           
   444                           ;matrix_keypad.c: 119:     {;matrix_keypad.c: 120:         return key;
   445     0733  0873               	movf	read_matrix_keypad@key,w
   446     0734  2F49               	goto	l84
   447     0735                     l792:
   448                           
   449                           ;matrix_keypad.c: 123:     {;matrix_keypad.c: 124:         if ((key != 0xFF) && once)
   450     0735  0A73               	incf	read_matrix_keypad@key,w
   451     0736  1903               	btfsc	3,2
   452     0737  2F39               	goto	u181
   453     0738  2F3A               	goto	u180
   454     0739                     u181:
   455     0739  2F41               	goto	l804
   456     073A                     u180:
   457     073A                     l794:
   458     073A  0875               	movf	read_matrix_keypad@once,w
   459     073B  1903               	btfsc	3,2
   460     073C  2F3E               	goto	u191
   461     073D  2F3F               	goto	u190
   462     073E                     u191:
   463     073E  2F41               	goto	l804
   464     073F                     u190:
   465     073F                     l796:
   466                           
   467                           ;matrix_keypad.c: 125:         {;matrix_keypad.c: 126:             once = 0;
   468     073F  01F5               	clrf	read_matrix_keypad@once
   469     0740  2F33               	goto	l786
   470     0741                     l804:
   471     0741  0A73               	incf	read_matrix_keypad@key,w
   472     0742  1D03               	btfss	3,2
   473     0743  2F45               	goto	u201
   474     0744  2F46               	goto	u200
   475     0745                     u201:
   476     0745  2F48               	goto	l808
   477     0746                     u200:
   478     0746                     l806:
   479                           
   480                           ;matrix_keypad.c: 131:         {;matrix_keypad.c: 132:             once = 1;
   481     0746  01F5               	clrf	read_matrix_keypad@once
   482     0747  0AF5               	incf	read_matrix_keypad@once,f
   483     0748                     l808:
   484                           
   485                           ;matrix_keypad.c: 136:     return 0xFF;
   486     0748  30FF               	movlw	255
   487     0749                     l84:
   488     0749  0008               	return
   489     074A                     __end_of_read_matrix_keypad:
   490                           
   491                           	psect	text2
   492     074A                     __ptext2:	
   493 ;; *************** function _scan_keypad *****************
   494 ;; Defined at:
   495 ;;		line 24 in file "matrix_keypad.c"
   496 ;; Parameters:    Size  Location     Type
   497 ;;		None
   498 ;; Auto vars:     Size  Location     Type
   499 ;;  i               2    0[COMMON] int 
   500 ;; Return value:  Size  Location     Type
   501 ;;                  1    wreg      unsigned char 
   502 ;; Registers used:
   503 ;;		wreg, status,2, status,0
   504 ;; Tracked objects:
   505 ;;		On entry : 0/0
   506 ;;		On exit  : 0/0
   507 ;;		Unchanged: 0/0
   508 ;; Data sizes:     COMMON   BANK0   BANK1   BANK3   BANK2
   509 ;;      Params:         0       0       0       0       0
   510 ;;      Locals:         2       0       0       0       0
   511 ;;      Temps:          0       0       0       0       0
   512 ;;      Totals:         2       0       0       0       0
   513 ;;Total ram usage:        2 bytes
   514 ;; Hardware stack levels used: 1
   515 ;; This function calls:
   516 ;;		Nothing
   517 ;; This function is called by:
   518 ;;		_read_matrix_keypad
   519 ;; This function uses a non-reentrant model
   520 ;;
   521                           
   522     074A                     _scan_keypad:	
   523                           ;psect for function _scan_keypad
   524                           
   525     074A                     l692:	
   526                           ;incstack = 0
   527                           ; Regs used in _scan_keypad: [wreg+status,2+status,0]
   528                           
   529                           
   530                           ;matrix_keypad.c: 26:     int i;;matrix_keypad.c: 28:     RD3 = 0;
   531     074A  1283               	bcf	3,5	;RP0=0, select bank0
   532     074B  1303               	bcf	3,6	;RP1=0, select bank0
   533     074C  1188               	bcf	8,3	;volatile
   534                           
   535                           ;matrix_keypad.c: 29:     RD2 = 1;
   536     074D  1508               	bsf	8,2	;volatile
   537                           
   538                           ;matrix_keypad.c: 30:     RD1 = 1;
   539     074E  1488               	bsf	8,1	;volatile
   540                           
   541                           ;matrix_keypad.c: 31:     RD0 = 1;
   542     074F  1408               	bsf	8,0	;volatile
   543     0750                     l694:
   544                           
   545                           ;matrix_keypad.c: 33:     for (i = 100; i--; );
   546     0750  3064               	movlw	100
   547     0751  00F0               	movwf	scan_keypad@i
   548     0752  3000               	movlw	0
   549     0753  00F1               	movwf	scan_keypad@i+1
   550     0754                     l696:
   551     0754  30FF               	movlw	255
   552     0755  07F0               	addwf	scan_keypad@i,f
   553     0756  1803               	skipnc
   554     0757  0AF1               	incf	scan_keypad@i+1,f
   555     0758  30FF               	movlw	255
   556     0759  07F1               	addwf	scan_keypad@i+1,f
   557     075A  0A70               	incf	scan_keypad@i,w
   558     075B  1D03               	skipz
   559     075C  2F61               	goto	u11
   560     075D  0A71               	incf	scan_keypad@i+1,w
   561     075E  1D03               	btfss	3,2
   562     075F  2F61               	goto	u11
   563     0760  2F62               	goto	u10
   564     0761                     u11:
   565     0761  2F54               	goto	l696
   566     0762                     u10:
   567     0762                     l48:
   568                           
   569                           ;matrix_keypad.c: 35:     if (RB0 == 0)
   570     0762  1283               	bcf	3,5	;RP0=0, select bank0
   571     0763  1303               	bcf	3,6	;RP1=0, select bank0
   572     0764  1806               	btfsc	6,0	;volatile
   573     0765  2F67               	goto	u21
   574     0766  2F68               	goto	u20
   575     0767                     u21:
   576     0767  2F6A               	goto	l49
   577     0768                     u20:
   578     0768                     l698:
   579                           
   580                           ;matrix_keypad.c: 36:     {;matrix_keypad.c: 37:         return 1;
   581     0768  3001               	movlw	1
   582     0769  2FF5               	goto	l50
   583     076A                     l49:	
   584                           ;matrix_keypad.c: 39:     else if (RB1 == 0)
   585                           
   586     076A  1886               	btfsc	6,1	;volatile
   587     076B  2F6D               	goto	u31
   588     076C  2F6E               	goto	u30
   589     076D                     u31:
   590     076D  2F70               	goto	l52
   591     076E                     u30:
   592     076E                     l704:
   593                           
   594                           ;matrix_keypad.c: 40:     {;matrix_keypad.c: 41:         return 2;
   595     076E  3002               	movlw	2
   596     076F  2FF5               	goto	l50
   597     0770                     l52:	
   598                           ;matrix_keypad.c: 43:     else if (RB2 == 0)
   599                           
   600     0770  1906               	btfsc	6,2	;volatile
   601     0771  2F73               	goto	u41
   602     0772  2F74               	goto	u40
   603     0773                     u41:
   604     0773  2F76               	goto	l51
   605     0774                     u40:
   606     0774                     l710:
   607                           
   608                           ;matrix_keypad.c: 44:     {;matrix_keypad.c: 45:         return 3;
   609     0774  3003               	movlw	3
   610     0775  2FF5               	goto	l50
   611     0776                     l51:
   612                           
   613                           ;matrix_keypad.c: 48:     RD3 = 1;
   614     0776  1588               	bsf	8,3	;volatile
   615                           
   616                           ;matrix_keypad.c: 49:     RD2 = 0;
   617     0777  1108               	bcf	8,2	;volatile
   618                           
   619                           ;matrix_keypad.c: 50:     RD1 = 1;
   620     0778  1488               	bsf	8,1	;volatile
   621                           
   622                           ;matrix_keypad.c: 51:     RD0 = 1;
   623     0779  1408               	bsf	8,0	;volatile
   624     077A                     l714:
   625                           
   626                           ;matrix_keypad.c: 53:     for (i = 100; i--; );
   627     077A  3064               	movlw	100
   628     077B  00F0               	movwf	scan_keypad@i
   629     077C  3000               	movlw	0
   630     077D  00F1               	movwf	scan_keypad@i+1
   631     077E                     l716:
   632     077E  30FF               	movlw	255
   633     077F  07F0               	addwf	scan_keypad@i,f
   634     0780  1803               	skipnc
   635     0781  0AF1               	incf	scan_keypad@i+1,f
   636     0782  30FF               	movlw	255
   637     0783  07F1               	addwf	scan_keypad@i+1,f
   638     0784  0A70               	incf	scan_keypad@i,w
   639     0785  1D03               	skipz
   640     0786  2F8B               	goto	u51
   641     0787  0A71               	incf	scan_keypad@i+1,w
   642     0788  1D03               	btfss	3,2
   643     0789  2F8B               	goto	u51
   644     078A  2F8C               	goto	u50
   645     078B                     u51:
   646     078B  2F7E               	goto	l716
   647     078C                     u50:
   648     078C                     l57:
   649                           
   650                           ;matrix_keypad.c: 55:     if (RB0 == 0)
   651     078C  1283               	bcf	3,5	;RP0=0, select bank0
   652     078D  1303               	bcf	3,6	;RP1=0, select bank0
   653     078E  1806               	btfsc	6,0	;volatile
   654     078F  2F91               	goto	u61
   655     0790  2F92               	goto	u60
   656     0791                     u61:
   657     0791  2F94               	goto	l58
   658     0792                     u60:
   659     0792                     l718:
   660                           
   661                           ;matrix_keypad.c: 56:     {;matrix_keypad.c: 57:         return 4;
   662     0792  3004               	movlw	4
   663     0793  2FF5               	goto	l50
   664     0794                     l58:	
   665                           ;matrix_keypad.c: 59:     else if (RB1 == 0)
   666                           
   667     0794  1886               	btfsc	6,1	;volatile
   668     0795  2F97               	goto	u71
   669     0796  2F98               	goto	u70
   670     0797                     u71:
   671     0797  2F9A               	goto	l60
   672     0798                     u70:
   673     0798                     l724:
   674                           
   675                           ;matrix_keypad.c: 60:     {;matrix_keypad.c: 61:         return 5;
   676     0798  3005               	movlw	5
   677     0799  2FF5               	goto	l50
   678     079A                     l60:	
   679                           ;matrix_keypad.c: 63:     else if (RB2 == 0)
   680                           
   681     079A  1906               	btfsc	6,2	;volatile
   682     079B  2F9D               	goto	u81
   683     079C  2F9E               	goto	u80
   684     079D                     u81:
   685     079D  2FA0               	goto	l59
   686     079E                     u80:
   687     079E                     l730:
   688                           
   689                           ;matrix_keypad.c: 64:     {;matrix_keypad.c: 65:         return 6;
   690     079E  3006               	movlw	6
   691     079F  2FF5               	goto	l50
   692     07A0                     l59:
   693                           
   694                           ;matrix_keypad.c: 68:     RD3 = 1;
   695     07A0  1588               	bsf	8,3	;volatile
   696                           
   697                           ;matrix_keypad.c: 69:     RD2 = 1;
   698     07A1  1508               	bsf	8,2	;volatile
   699                           
   700                           ;matrix_keypad.c: 70:     RD1 = 0;
   701     07A2  1088               	bcf	8,1	;volatile
   702                           
   703                           ;matrix_keypad.c: 71:     RD0 = 1;
   704     07A3  1408               	bsf	8,0	;volatile
   705     07A4                     l734:
   706                           
   707                           ;matrix_keypad.c: 73:     for (i = 100; i--; );
   708     07A4  3064               	movlw	100
   709     07A5  00F0               	movwf	scan_keypad@i
   710     07A6  3000               	movlw	0
   711     07A7  00F1               	movwf	scan_keypad@i+1
   712     07A8                     l736:
   713     07A8  30FF               	movlw	255
   714     07A9  07F0               	addwf	scan_keypad@i,f
   715     07AA  1803               	skipnc
   716     07AB  0AF1               	incf	scan_keypad@i+1,f
   717     07AC  30FF               	movlw	255
   718     07AD  07F1               	addwf	scan_keypad@i+1,f
   719     07AE  0A70               	incf	scan_keypad@i,w
   720     07AF  1D03               	skipz
   721     07B0  2FB5               	goto	u91
   722     07B1  0A71               	incf	scan_keypad@i+1,w
   723     07B2  1D03               	btfss	3,2
   724     07B3  2FB5               	goto	u91
   725     07B4  2FB6               	goto	u90
   726     07B5                     u91:
   727     07B5  2FA8               	goto	l736
   728     07B6                     u90:
   729     07B6                     l65:
   730                           
   731                           ;matrix_keypad.c: 75:     if (RB0 == 0)
   732     07B6  1283               	bcf	3,5	;RP0=0, select bank0
   733     07B7  1303               	bcf	3,6	;RP1=0, select bank0
   734     07B8  1806               	btfsc	6,0	;volatile
   735     07B9  2FBB               	goto	u101
   736     07BA  2FBC               	goto	u100
   737     07BB                     u101:
   738     07BB  2FBE               	goto	l66
   739     07BC                     u100:
   740     07BC                     l738:
   741                           
   742                           ;matrix_keypad.c: 76:     {;matrix_keypad.c: 77:         return 7;
   743     07BC  3007               	movlw	7
   744     07BD  2FF5               	goto	l50
   745     07BE                     l66:	
   746                           ;matrix_keypad.c: 79:     else if (RB1 == 0)
   747                           
   748     07BE  1886               	btfsc	6,1	;volatile
   749     07BF  2FC1               	goto	u111
   750     07C0  2FC2               	goto	u110
   751     07C1                     u111:
   752     07C1  2FC4               	goto	l68
   753     07C2                     u110:
   754     07C2                     l744:
   755                           
   756                           ;matrix_keypad.c: 80:     {;matrix_keypad.c: 81:         return 8;
   757     07C2  3008               	movlw	8
   758     07C3  2FF5               	goto	l50
   759     07C4                     l68:	
   760                           ;matrix_keypad.c: 83:     else if (RB2 == 0)
   761                           
   762     07C4  1906               	btfsc	6,2	;volatile
   763     07C5  2FC7               	goto	u121
   764     07C6  2FC8               	goto	u120
   765     07C7                     u121:
   766     07C7  2FCA               	goto	l67
   767     07C8                     u120:
   768     07C8                     l750:
   769                           
   770                           ;matrix_keypad.c: 84:     {;matrix_keypad.c: 85:         return 9;
   771     07C8  3009               	movlw	9
   772     07C9  2FF5               	goto	l50
   773     07CA                     l67:
   774                           
   775                           ;matrix_keypad.c: 88:     RD3 = 1;
   776     07CA  1588               	bsf	8,3	;volatile
   777                           
   778                           ;matrix_keypad.c: 89:     RD2 = 1;
   779     07CB  1508               	bsf	8,2	;volatile
   780                           
   781                           ;matrix_keypad.c: 90:     RD1 = 1;
   782     07CC  1488               	bsf	8,1	;volatile
   783                           
   784                           ;matrix_keypad.c: 91:     RD0 = 0;
   785     07CD  1008               	bcf	8,0	;volatile
   786     07CE                     l754:
   787                           
   788                           ;matrix_keypad.c: 93:     for (i = 100; i--; );
   789     07CE  3064               	movlw	100
   790     07CF  00F0               	movwf	scan_keypad@i
   791     07D0  3000               	movlw	0
   792     07D1  00F1               	movwf	scan_keypad@i+1
   793     07D2                     l756:
   794     07D2  30FF               	movlw	255
   795     07D3  07F0               	addwf	scan_keypad@i,f
   796     07D4  1803               	skipnc
   797     07D5  0AF1               	incf	scan_keypad@i+1,f
   798     07D6  30FF               	movlw	255
   799     07D7  07F1               	addwf	scan_keypad@i+1,f
   800     07D8  0A70               	incf	scan_keypad@i,w
   801     07D9  1D03               	skipz
   802     07DA  2FDF               	goto	u131
   803     07DB  0A71               	incf	scan_keypad@i+1,w
   804     07DC  1D03               	btfss	3,2
   805     07DD  2FDF               	goto	u131
   806     07DE  2FE0               	goto	u130
   807     07DF                     u131:
   808     07DF  2FD2               	goto	l756
   809     07E0                     u130:
   810     07E0                     l73:
   811                           
   812                           ;matrix_keypad.c: 95:     if (RB0 == 0)
   813     07E0  1283               	bcf	3,5	;RP0=0, select bank0
   814     07E1  1303               	bcf	3,6	;RP1=0, select bank0
   815     07E2  1806               	btfsc	6,0	;volatile
   816     07E3  2FE5               	goto	u141
   817     07E4  2FE6               	goto	u140
   818     07E5                     u141:
   819     07E5  2FE8               	goto	l74
   820     07E6                     u140:
   821     07E6                     l758:
   822                           
   823                           ;matrix_keypad.c: 96:     {;matrix_keypad.c: 97:         return '*';
   824     07E6  302A               	movlw	42
   825     07E7  2FF5               	goto	l50
   826     07E8                     l74:	
   827                           ;matrix_keypad.c: 99:     else if (RB1 == 0)
   828                           
   829     07E8  1886               	btfsc	6,1	;volatile
   830     07E9  2FEB               	goto	u151
   831     07EA  2FEC               	goto	u150
   832     07EB                     u151:
   833     07EB  2FEE               	goto	l76
   834     07EC                     u150:
   835     07EC                     l764:
   836                           
   837                           ;matrix_keypad.c: 100:     {;matrix_keypad.c: 101:         return 0;
   838     07EC  3000               	movlw	0
   839     07ED  2FF5               	goto	l50
   840     07EE                     l76:	
   841                           ;matrix_keypad.c: 103:     else if (RB2 == 0)
   842                           
   843     07EE  1906               	btfsc	6,2	;volatile
   844     07EF  2FF1               	goto	u161
   845     07F0  2FF2               	goto	u160
   846     07F1                     u161:
   847     07F1  2FF4               	goto	l774
   848     07F2                     u160:
   849     07F2                     l770:
   850                           
   851                           ;matrix_keypad.c: 104:     {;matrix_keypad.c: 105:         return '#';
   852     07F2  3023               	movlw	35
   853     07F3  2FF5               	goto	l50
   854     07F4                     l774:
   855                           
   856                           ;matrix_keypad.c: 108:     return 0xFF;
   857     07F4  30FF               	movlw	255
   858     07F5                     l50:
   859     07F5  0008               	return
   860     07F6                     __end_of_scan_keypad:
   861                           
   862                           	psect	text3
   863     06F5                     __ptext3:	
   864 ;; *************** function _init_config *****************
   865 ;; Defined at:
   866 ;;		line 16 in file "main.c"
   867 ;; Parameters:    Size  Location     Type
   868 ;;		None
   869 ;; Auto vars:     Size  Location     Type
   870 ;;		None
   871 ;; Return value:  Size  Location     Type
   872 ;;                  1    wreg      void 
   873 ;; Registers used:
   874 ;;		wreg, status,2, status,0, pclath, cstack
   875 ;; Tracked objects:
   876 ;;		On entry : 0/0
   877 ;;		On exit  : 0/0
   878 ;;		Unchanged: 0/0
   879 ;; Data sizes:     COMMON   BANK0   BANK1   BANK3   BANK2
   880 ;;      Params:         0       0       0       0       0
   881 ;;      Locals:         0       0       0       0       0
   882 ;;      Temps:          0       0       0       0       0
   883 ;;      Totals:         0       0       0       0       0
   884 ;;Total ram usage:        0 bytes
   885 ;; Hardware stack levels used: 1
   886 ;; Hardware stack levels required when called: 1
   887 ;; This function calls:
   888 ;;		_init_matrix_keypad
   889 ;; This function is called by:
   890 ;;		_main
   891 ;; This function uses a non-reentrant model
   892 ;;
   893                           
   894     06F5                     _init_config:	
   895                           ;psect for function _init_config
   896                           
   897     06F5                     l778:	
   898                           ;incstack = 0
   899                           ; Regs used in _init_config: [wreg+status,2+status,0+pclath+cstack]
   900                           
   901                           
   902                           ;main.c: 18:     while (1) {
   903     06F5  120A  118A  26FE  120A  118A  	fcall	_init_matrix_keypad
   904     06FA                     l780:
   905                           
   906                           ;main.c: 19:         key = read_matrix_keypad(1);
   907     06FA  1683               	bsf	3,5	;RP0=1, select bank1
   908     06FB  1303               	bcf	3,6	;RP1=0, select bank1
   909     06FC  1206               	bcf	6,4	;volatile
   910     06FD                     l11:
   911     06FD  0008               	return
   912     06FE                     __end_of_init_config:
   913                           
   914                           	psect	text4
   915     06FE                     __ptext4:	
   916 ;; *************** function _init_matrix_keypad *****************
   917 ;; Defined at:
   918 ;;		line 4 in file "matrix_keypad.c"
   919 ;; Parameters:    Size  Location     Type
   920 ;;		None
   921 ;; Auto vars:     Size  Location     Type
   922 ;;		None
   923 ;; Return value:  Size  Location     Type
   924 ;;                  1    wreg      void 
   925 ;; Registers used:
   926 ;;		wreg, status,2
   927 ;; Tracked objects:
   928 ;;		On entry : 0/0
   929 ;;		On exit  : 0/0
   930 ;;		Unchanged: 0/0
   931 ;; Data sizes:     COMMON   BANK0   BANK1   BANK3   BANK2
   932 ;;      Params:         0       0       0       0       0
   933 ;;      Locals:         0       0       0       0       0
   934 ;;      Temps:          0       0       0       0       0
   935 ;;      Totals:         0       0       0       0       0
   936 ;;Total ram usage:        0 bytes
   937 ;; Hardware stack levels used: 1
   938 ;; This function calls:
   939 ;;		Nothing
   940 ;; This function is called by:
   941 ;;		_init_config
   942 ;; This function uses a non-reentrant model
   943 ;;
   944                           
   945     06FE                     _init_matrix_keypad:	
   946                           ;psect for function _init_matrix_keypad
   947                           
   948     06FE                     l680:	
   949                           ;incstack = 0
   950                           ; Regs used in _init_matrix_keypad: [wreg+status,2]
   951                           
   952                           
   953                           ;matrix_keypad.c: 8:     TRISB = TRISB | 0x07;
   954     06FE  1683               	bsf	3,5	;RP0=1, select bank1
   955     06FF  1303               	bcf	3,6	;RP1=0, select bank1
   956     0700  0806               	movf	6,w	;volatile
   957     0701  3807               	iorlw	7
   958     0702  0086               	movwf	6	;volatile
   959                           
   960                           ;matrix_keypad.c: 12:     TRISD = TRISD & 0xF0;
   961     0703  0808               	movf	8,w	;volatile
   962     0704  39F0               	andlw	240
   963     0705  0088               	movwf	8	;volatile
   964     0706                     l682:
   965                           
   966                           ;matrix_keypad.c: 15:     nRBPU = 0;
   967     0706  1381               	bcf	1,7	;volatile
   968     0707                     l684:
   969                           
   970                           ;matrix_keypad.c: 18:     RD3 = 1;
   971     0707  1283               	bcf	3,5	;RP0=0, select bank0
   972     0708  1303               	bcf	3,6	;RP1=0, select bank0
   973     0709  1588               	bsf	8,3	;volatile
   974     070A                     l686:
   975                           
   976                           ;matrix_keypad.c: 19:     RD2 = 1;
   977     070A  1508               	bsf	8,2	;volatile
   978     070B                     l688:
   979                           
   980                           ;matrix_keypad.c: 20:     RD1 = 1;
   981     070B  1488               	bsf	8,1	;volatile
   982     070C                     l690:
   983                           
   984                           ;matrix_keypad.c: 21:     RD0 = 1;
   985     070C  1408               	bsf	8,0	;volatile
   986     070D                     l43:
   987     070D  0008               	return
   988     070E                     __end_of_init_matrix_keypad:
   989     007E                     btemp	set	126	;btemp
   990     007E                     wtemp0	set	126
   991                           
   992                           	psect	idloc
   993                           
   994                           ;Config register IDLOC0 @ 0x2000
   995                           ;	unspecified, using default values
   996     2000                     	org	8192
   997     2000  3FFF               	dw	16383
   998                           
   999                           ;Config register IDLOC1 @ 0x2001
  1000                           ;	unspecified, using default values
  1001     2001                     	org	8193
  1002     2001  3FFF               	dw	16383
  1003                           
  1004                           ;Config register IDLOC2 @ 0x2002
  1005                           ;	unspecified, using default values
  1006     2002                     	org	8194
  1007     2002  3FFF               	dw	16383
  1008                           
  1009                           ;Config register IDLOC3 @ 0x2003
  1010                           ;	unspecified, using default values
  1011     2003                     	org	8195
  1012     2003  3FFF               	dw	16383
  1013                           
  1014                           	psect	config
  1015                           
  1016                           ;Config register CONFIG @ 0x2007
  1017                           ;	Oscillator Selection bits
  1018                           ;	FOSC = 0x3, unprogrammed default
  1019                           ;	Watchdog Timer Enable bit
  1020                           ;	WDTE = OFF, WDT disabled
  1021                           ;	Power-up Timer Enable bit
  1022                           ;	PWRTE = 0x1, unprogrammed default
  1023                           ;	Brown-out Reset Enable bit
  1024                           ;	BOREN = 0x1, unprogrammed default
  1025                           ;	Low-Voltage (Single-Supply) In-Circuit Serial Programming Enable bit
  1026                           ;	LVP = 0x1, unprogrammed default
  1027                           ;	Data EEPROM Memory Code Protection bit
  1028                           ;	CPD = 0x1, unprogrammed default
  1029                           ;	Flash Program Memory Write Enable bits
  1030                           ;	WRT = 0x3, unprogrammed default
  1031                           ;	In-Circuit Debugger Mode bit
  1032                           ;	DEBUG = 0x1, unprogrammed default
  1033                           ;	Flash Program Memory Code Protection bit
  1034                           ;	CP = 0x1, unprogrammed default
  1035     2007                     	org	8199
  1036     2007  3FFB               	dw	16379

Data Sizes:
    Strings     0
    Constant    0
    Data        1
    BSS         0
    Persistent  0
    Stack       0

Auto Spaces:
    Space          Size  Autos    Used
    COMMON           14      5       6
    BANK0            80      0       0
    BANK1            80      0       0
    BANK3            96      0       0
    BANK2            96      0       0

Pointer List with Targets:

    None.

Critical Paths under _main in COMMON

    _main->_read_matrix_keypad
    _read_matrix_keypad->_scan_keypad

Critical Paths under _main in BANK0

    None.

Critical Paths under _main in BANK1

    None.

Critical Paths under _main in BANK3

    None.

Critical Paths under _main in BANK2

    None.

Call Graph Tables:

 ---------------------------------------------------------------------------------
 (Depth) Function   	        Calls       Base Space   Used Autos Params    Refs
 ---------------------------------------------------------------------------------
 (0) _main                                                 1     1      0     150
                                              4 COMMON     1     1      0
                        _init_config
                 _read_matrix_keypad
 ---------------------------------------------------------------------------------
 (1) _read_matrix_keypad                                   2     2      0     135
                                              2 COMMON     2     2      0
                        _scan_keypad
 ---------------------------------------------------------------------------------
 (2) _scan_keypad                                          2     2      0      60
                                              0 COMMON     2     2      0
 ---------------------------------------------------------------------------------
 (1) _init_config                                          0     0      0       0
                 _init_matrix_keypad
 ---------------------------------------------------------------------------------
 (2) _init_matrix_keypad                                   0     0      0       0
 ---------------------------------------------------------------------------------
 Estimated maximum stack depth 2
 ---------------------------------------------------------------------------------

 Call Graph Graphs:

 _main (ROOT)
   _init_config
     _init_matrix_keypad
   _read_matrix_keypad
     _scan_keypad

 Address spaces:
Name               Size   Autos  Total    Cost      Usage
BANK3               60      0       0       9        0.0%
BITBANK3            60      0       0       8        0.0%
SFR3                 0      0       0       4        0.0%
BITSFR3              0      0       0       4        0.0%
BANK2               60      0       0      11        0.0%
BITBANK2            60      0       0      10        0.0%
SFR2                 0      0       0       5        0.0%
BITSFR2              0      0       0       5        0.0%
BANK1               50      0       0       7        0.0%
BITBANK1            50      0       0       6        0.0%
SFR1                 0      0       0       2        0.0%
BITSFR1              0      0       0       2        0.0%
BANK0               50      0       0       5        0.0%
BITBANK0            50      0       0       4        0.0%
SFR0                 0      0       0       1        0.0%
BITSFR0              0      0       0       1        0.0%
COMMON               E      5       6       1       42.9%
BITCOMMON            E      0       0       0        0.0%
CODE                 0      0       0       0        0.0%
DATA                 0      0       6      12        0.0%
ABS                  0      0       6       3        0.0%
NULL                 0      0       0       0        0.0%
STACK                0      0       0       2        0.0%
EEDATA             100      0       0       0        0.0%


Microchip Technology PIC Macro Assembler V2.41 build 20230208172133 
Symbol Table                                                                                   Mon Jan 27 18:45:31 2025

                        l11 06FD                          l16 0713                          l50 07F5  
                        l43 070D                          l51 0776                          l60 079A  
                        l52 0770                          l48 0762                          l73 07E0  
                        l65 07B6                          l57 078C                          l49 076A  
                        l74 07E8                          l66 07BE                          l58 0794  
                        l67 07CA                          l59 07A0                          l76 07EE  
                        l68 07C4                          l84 0749                          u10 0762  
                        u11 0761                          u20 0768                          u21 0767  
                        u30 076E                          u31 076D                          u40 0774  
                        u41 0773                          u50 078C                          u51 078B  
                        u60 0792                          u61 0791                          u70 0798  
                        u71 0797                          u80 079E                          u81 079D  
                        u90 07B6                          u91 07B5          _init_matrix_keypad 06FE  
                       l710 0774                         l704 076E                         l730 079E  
                       l714 077A                         l724 0798                         l716 077E  
                       l804 0741                         l812 070E                         l750 07C8  
                       l734 07A4                         l718 0792                         l806 0746  
                       l814 071A                         l680 06FE                         l744 07C2  
                       l736 07A8                         l808 0748                         l816 071F  
                       l690 070C                         l682 0706                         l770 07F2  
                       l754 07CE                         l738 07BC                         l684 0707  
                       l780 06FA                         l764 07EC                         l756 07D2  
                       l692 074A                         l686 070A                         l774 07F4  
                       l758 07E6                         l694 0750                         l782 0728  
                       l688 070B                         l696 0754                         l792 0735  
                       l784 072E                         l778 06F5                         l698 0768  
                       l794 073A                         l786 0733                         l796 073F  
                       _RB0 0030                         _RB1 0031                         _RB2 0032  
                       _RB4 0034                         _RD0 0040                         _RD1 0041  
                       _RD2 0042                         _RD3 0043                         u100 07BC  
                       u101 07BB                         u110 07C2                         u111 07C1  
                       u120 07C8                         u200 0746                         u121 07C7  
                       u201 0745                         u130 07E0                         u210 071F  
                       u131 07DF                         u211 071E                         u140 07E6  
                       u141 07E5                         u150 07EC                         u151 07EB  
                       u160 07F2                         u161 07F1                         u170 0733  
                       u171 0732                         u180 073A                         u181 0739  
                       u190 073F                         u191 073E         ?_init_matrix_keypad 0070  
                      _main 070E                        btemp 007E                        start 0000  
      ??_init_matrix_keypad 0070                       ?_main 0070                ?_init_config 0070  
                     _TRISB 0086                       _TRISD 0088                       _nRBPU 040F  
        _read_matrix_keypad 0727         ?_read_matrix_keypad 0070                       status 0003  
                     wtemp0 007E                ?_scan_keypad 0070             __initialization 07F6  
              __end_of_main 0727        ??_read_matrix_keypad 0072                      ??_main 0074  
                    _TRISB4 0434                __pdataCOMMON 0075     __end_of__initialization 07FC  
            __pcstackCOMMON 0070                  __pmaintext 070E                     __ptext1 0727  
                   __ptext2 074A                     __ptext3 06F5                     __ptext4 06FE  
                   main@key 0074        end_of_initialization 07FC               __pidataCOMMON 06F4  
       start_initialization 07F6                scan_keypad@i 0070      read_matrix_keypad@mode 0072  
    read_matrix_keypad@once 0075               ??_init_config 0070                   ___latbits 0002  
             ??_scan_keypad 0070         __end_of_init_config 06FE  __end_of_init_matrix_keypad 070E  
       __end_of_scan_keypad 07F6       read_matrix_keypad@key 0073  __end_of_read_matrix_keypad 074A  
               _init_config 06F5                 _scan_keypad 074A  
