

Microchip MPLAB XC8 Assembler V3.00 build 20241204225717 
                                                                                                           Tue Jun 17 21:05:02 2025


     1                           	processor	16F877A
     2                           	pagewidth 132
     3                           	psect	code,global,class=CODE,space=0,delta=2
     4                           	psect	powerup,global,class=CODE,space=0,delta=2
     5                           	psect	reset_vec,global,class=CODE,space=0,delta=2
     6                           	psect	maintext,global,class=CODE,space=0,delta=2
     7                           	psect	eeprom_data,global,class=EEDATA,space=3,delta=2,noexec
     8                           	psect	intentry,global,class=CODE,space=0,delta=2
     9                           	psect	sivt,global,class=CODE,space=0,delta=2
    10                           	psect	functab,global,class=ENTRY,space=0,delta=2
    11                           	psect	init,global,class=CODE,space=0,delta=2
    12                           	psect	cinit,global,class=CODE,space=0,delta=2
    13                           	psect	text,global,class=CODE,space=0,delta=2
    14                           	psect	end_init,global,class=CODE,space=0,delta=2
    15                           	psect	clrtext,global,class=CODE,space=0,delta=2
    16                           	psect	strings,global,reloc=256,class=CODE,space=0,delta=2
    17                           	psect	stack,global,class=STACK,space=2,delta=1,noexec
    18                           	psect	heap,global,class=HEAP,space=7,delta=1,noexec
    19                           	psect	common,global,class=COMMON,space=1,delta=1
    20                           	psect	bank0,global,class=BANK0,space=1,delta=1
    21                           	psect	bank1,global,class=BANK1,space=1,delta=1
    22                           	psect	bank2,global,class=BANK2,space=1,delta=1
    23                           	psect	bank3,global,class=BANK3,space=1,delta=1
    24                           	psect	ram,global,class=RAM,space=1,delta=1
    25                           	psect	abs1,global,class=ABS1,space=1,delta=1
    26                           	psect	sfr0,global,class=SFR0,space=1,delta=1
    27                           	psect	sfr1,global,class=SFR1,space=1,delta=1
    28                           	psect	sfr2,global,class=SFR2,space=1,delta=1
    29                           	psect	sfr3,global,class=SFR3,space=1,delta=1
    30                           
    31                           	psect	reset_vec
    32     0000                     reset_vec:
    33                           
    34                           ; No powerup routine
    35                           ; jump to start
    36     0000  120A  118A  280C   	goto	(start& (0+2047))| (reset_vec& (0+-2048))
    37                           
    38                           	psect	maintext
    39                           
    40                           ; Microchip MPLAB XC8 C Compiler V3.00
    41                           ; Copyright (C) 2024 Microchip Technology Inc.
    42                           ; Auto-generated runtime startup code for final link stage.
    43                           ;
    44                           ; Compiler options:
    45                           ;
    46                           ; -q --opt=none --chip=16f877a \
    47                           ; -Mdist/default/production/interrupt_ext.X.production.map \
    48                           ; -DXPRJ_default=default -L--defsym=__MPLAB_BUILD=1 \
    49                           ; --dfp=D:/Microchip/MPLABX/v6.20/packs/Microchip/PIC16Fxxx_DFP/1.6.156/xc8 \
    50                           ; --std=c99 --output=+elf:multilocs --stack=compiled:auto:auto \
    51                           ; --summary=+xml --summarydir=dist/default/production/memoryfile.xml \
    52                           ; -ointerrupt_ext.X.production.elf --objdir=dist/default/production \
    53                           ; --outdir=dist/default/production build/default/production/main.p1 \
    54                           ; -L--fixupoverflow=error --callgraph=none --warn=-3 \
    55                           ; --errformat=%f:%l:%c: error: (%n) %s \
    56                           ; --warnformat=%f:%l:%c: warning: (%n) %s \
    57                           ; --msgformat=%f:%l:%c: advisory: (%n) %s
    58                           ;
    59     0000                     C               set	0
    60     0002                     Z               set	2
    61     0002                     PCL             set	2
    62     0000                     INDF            set	0
    63     0003                     STATUS          equ	3
    64     000A                     PCLATH          equ	10
    65                           
    66                           	psect	functab
    67     0000                     intlevel0:
    68     0000                     intlevel1:
    69     0000                     intlevel2:
    70     0000                     intlevel3:
    71     0000                     intlevel4:
    72     0000                     intlevel5:
    73                           
    74                           	psect	init
    75     000C                     start:
    76                           
    77                           	psect	end_init
    78     000C  120A  118A  280F   	ljmp	start_initialization	;jump to C runtime clear & initialization
    79                           
    80                           	psect	clrtext
    81     0004                     FSR             set	4
    82                           
    83                           	psect	strings
    84     0000                     ___stacklo      equ	0
    85     0000                     ___stackhi      equ	0
    86                           
    87                           	psect	stack
    88     0000                     ___sp:
    89     0000                     ___int_sp:
    90     0000                     ___stack_lo:
    91     0000                     ___stack_hi:
    92     0000                     ___int_stack_lo:
    93     0000                     ___int_stack_hi:
    94                           
    95                           	psect	heap
    96                           
    97                           ; No heap to be allocated
    98     0000                     ___heap_lo      equ	0
    99     0000                     ___heap_hi      equ	0


Microchip Technology PIC Macro Assembler V3.00 build 20241204225717 
Symbol Table                                                                                               Tue Jun 17 21:05:02 2025

               ___sp 0000                 _main 0013                 start 000C           ___stack_hi 0000  
         ___stack_lo 0000       ___int_stack_hi 0000       ___int_stack_lo 0000  start_initialization 000F  
          ___heap_hi 0000            ___heap_lo 0000            ___stackhi 0000            ___stacklo 0000  
           ___int_sp 0000             intlevel0 0000             intlevel1 0000             intlevel2 0000  
           intlevel3 0000             intlevel4 0000             intlevel5 0000             reset_vec 0000  
